#-----------------------------------------------------------
# Vivado v2018.2 (64-bit)
# SW Build 2258646 on Thu Jun 14 20:03:12 MDT 2018
# IP Build 2256618 on Thu Jun 14 22:10:49 MDT 2018
# Start of session at: Wed Sep 14 00:36:00 2022
# Process ID: 20468
# Current directory: D:/study/verilog/second/CPU/mips_cpu
# Command line: vivado.exe -gui_launcher_event rodinguilauncherevent15560 D:\study\verilog\second\CPU\mips_cpu\mips_cpu.xpr
# Log file: D:/study/verilog/second/CPU/mips_cpu/vivado.log
# Journal file: D:/study/verilog/second/CPU/mips_cpu\vivado.jou
#-----------------------------------------------------------
start_gui
open_project D:/study/verilog/second/CPU/mips_cpu/mips_cpu.xpr
Scanning sources...
Finished scanning sources
INFO: [IP_Flow 19-234] Refreshing IP repositories
INFO: [IP_Flow 19-1704] No user IP repositories specified
INFO: [IP_Flow 19-2313] Loaded Vivado IP repository 'D:/users/vivado2018/Vivado/2018.2/data/ip'.
update_compile_order -fileset sources_1
exit
INFO: [Common 17-206] Exiting Vivado at Wed Sep 14 00:37:51 2022...
